<?xml version="1.0" encoding="UTF-8"?>
<testsuite name="com.lombre.book.springboot.domain.posts.PostsRepositoryTest" tests="1" skipped="0" failures="0" errors="0" timestamp="2020-07-19T13:29:15" hostname="DESKTOP-ICNID09" time="0.873">
  <properties/>
  <testcase name="게시글저장_불러오기" classname="com.lombre.book.springboot.domain.posts.PostsRepositoryTest" time="0.873"/>
  <system-out><![CDATA[22:28:58.901 [Test worker] DEBUG org.springframework.test.context.junit4.SpringJUnit4ClassRunner - SpringJUnit4ClassRunner constructor called with [class com.lombre.book.springboot.domain.posts.PostsRepositoryTest]
22:28:58.934 [Test worker] DEBUG org.springframework.test.context.BootstrapUtils - Instantiating CacheAwareContextLoaderDelegate from class [org.springframework.test.context.cache.DefaultCacheAwareContextLoaderDelegate]
22:28:58.967 [Test worker] DEBUG org.springframework.test.context.BootstrapUtils - Instantiating BootstrapContext using constructor [public org.springframework.test.context.support.DefaultBootstrapContext(java.lang.Class,org.springframework.test.context.CacheAwareContextLoaderDelegate)]
22:28:59.028 [Test worker] DEBUG org.springframework.test.context.BootstrapUtils - Instantiating TestContextBootstrapper for test class [com.lombre.book.springboot.domain.posts.PostsRepositoryTest] from class [org.springframework.boot.test.context.SpringBootTestContextBootstrapper]
22:28:59.066 [Test worker] INFO org.springframework.boot.test.context.SpringBootTestContextBootstrapper - Neither @ContextConfiguration nor @ContextHierarchy found for test class [com.lombre.book.springboot.domain.posts.PostsRepositoryTest], using SpringBootContextLoader
22:28:59.077 [Test worker] DEBUG org.springframework.test.context.support.AbstractContextLoader - Did not detect default resource location for test class [com.lombre.book.springboot.domain.posts.PostsRepositoryTest]: class path resource [com/lombre/book/springboot/domain/posts/PostsRepositoryTest-context.xml] does not exist
22:28:59.077 [Test worker] DEBUG org.springframework.test.context.support.AbstractContextLoader - Did not detect default resource location for test class [com.lombre.book.springboot.domain.posts.PostsRepositoryTest]: class path resource [com/lombre/book/springboot/domain/posts/PostsRepositoryTestContext.groovy] does not exist
22:28:59.078 [Test worker] INFO org.springframework.test.context.support.AbstractContextLoader - Could not detect default resource locations for test class [com.lombre.book.springboot.domain.posts.PostsRepositoryTest]: no resource found for suffixes {-context.xml, Context.groovy}.
22:28:59.079 [Test worker] INFO org.springframework.test.context.support.AnnotationConfigContextLoaderUtils - Could not detect default configuration classes for test class [com.lombre.book.springboot.domain.posts.PostsRepositoryTest]: PostsRepositoryTest does not declare any static, non-private, non-final, nested classes annotated with @Configuration.
22:28:59.195 [Test worker] DEBUG org.springframework.test.context.support.ActiveProfilesUtils - Could not find an 'annotation declaring class' for annotation type [org.springframework.test.context.ActiveProfiles] and class [com.lombre.book.springboot.domain.posts.PostsRepositoryTest]
22:28:59.391 [Test worker] DEBUG org.springframework.context.annotation.ClassPathScanningCandidateComponentProvider - Identified candidate component class: file [C:\Users\franc\lombre-workspace\lombre-springboot-webservice\build\classes\java\main\com\lombre\book\springboot\Application.class]
22:28:59.395 [Test worker] INFO org.springframework.boot.test.context.SpringBootTestContextBootstrapper - Found @SpringBootConfiguration com.lombre.book.springboot.Application for test class com.lombre.book.springboot.domain.posts.PostsRepositoryTest
22:28:59.688 [Test worker] DEBUG org.springframework.boot.test.context.SpringBootTestContextBootstrapper - @TestExecutionListeners is not present for class [com.lombre.book.springboot.domain.posts.PostsRepositoryTest]: using defaults.
22:28:59.689 [Test worker] INFO org.springframework.boot.test.context.SpringBootTestContextBootstrapper - Loaded default TestExecutionListener class names from location [META-INF/spring.factories]: [org.springframework.security.test.context.support.WithSecurityContextTestExecutionListener, org.springframework.security.test.context.support.ReactorContextTestExecutionListener, org.springframework.boot.test.autoconfigure.restdocs.RestDocsTestExecutionListener, org.springframework.boot.test.autoconfigure.web.client.MockRestServiceServerResetTestExecutionListener, org.springframework.boot.test.autoconfigure.web.servlet.MockMvcPrintOnlyOnFailureTestExecutionListener, org.springframework.boot.test.autoconfigure.web.servlet.WebDriverTestExecutionListener, org.springframework.boot.test.mock.mockito.MockitoTestExecutionListener, org.springframework.boot.test.mock.mockito.ResetMocksTestExecutionListener, org.springframework.test.context.web.ServletTestExecutionListener, org.springframework.test.context.support.DirtiesContextBeforeModesTestExecutionListener, org.springframework.test.context.support.DependencyInjectionTestExecutionListener, org.springframework.test.context.support.DirtiesContextTestExecutionListener, org.springframework.test.context.transaction.TransactionalTestExecutionListener, org.springframework.test.context.jdbc.SqlScriptsTestExecutionListener]
22:28:59.764 [Test worker] INFO org.springframework.boot.test.context.SpringBootTestContextBootstrapper - Using TestExecutionListeners: [org.springframework.test.context.web.ServletTestExecutionListener@40629e06, org.springframework.test.context.support.DirtiesContextBeforeModesTestExecutionListener@529de948, org.springframework.boot.test.mock.mockito.MockitoTestExecutionListener@29f2a633, org.springframework.boot.test.autoconfigure.SpringBootDependencyInjectionTestExecutionListener@d25425d, org.springframework.test.context.support.DirtiesContextTestExecutionListener@59637f51, org.springframework.test.context.transaction.TransactionalTestExecutionListener@64891a9c, org.springframework.test.context.jdbc.SqlScriptsTestExecutionListener@5876fb00, org.springframework.security.test.context.support.WithSecurityContextTestExecutionListener@7f667df9, org.springframework.security.test.context.support.ReactorContextTestExecutionListener@3d3d0cb3, org.springframework.boot.test.autoconfigure.restdocs.RestDocsTestExecutionListener@11ccac72, org.springframework.boot.test.autoconfigure.web.client.MockRestServiceServerResetTestExecutionListener@7e0debb0, org.springframework.boot.test.autoconfigure.web.servlet.MockMvcPrintOnlyOnFailureTestExecutionListener@3248c83d, org.springframework.boot.test.autoconfigure.web.servlet.WebDriverTestExecutionListener@67c50253, org.springframework.boot.test.mock.mockito.ResetMocksTestExecutionListener@139e8de5]
22:28:59.770 [Test worker] DEBUG org.springframework.test.annotation.ProfileValueUtils - Retrieved @ProfileValueSourceConfiguration [null] for test class [com.lombre.book.springboot.domain.posts.PostsRepositoryTest]
22:28:59.770 [Test worker] DEBUG org.springframework.test.annotation.ProfileValueUtils - Retrieved ProfileValueSource type [class org.springframework.test.annotation.SystemProfileValueSource] for class [com.lombre.book.springboot.domain.posts.PostsRepositoryTest]
22:28:59.784 [Test worker] DEBUG org.springframework.test.annotation.ProfileValueUtils - Retrieved @ProfileValueSourceConfiguration [null] for test class [com.lombre.book.springboot.domain.posts.PostsRepositoryTest]
22:28:59.784 [Test worker] DEBUG org.springframework.test.annotation.ProfileValueUtils - Retrieved ProfileValueSource type [class org.springframework.test.annotation.SystemProfileValueSource] for class [com.lombre.book.springboot.domain.posts.PostsRepositoryTest]
22:28:59.786 [Test worker] DEBUG org.springframework.test.annotation.ProfileValueUtils - Retrieved @ProfileValueSourceConfiguration [null] for test class [com.lombre.book.springboot.domain.posts.PostsRepositoryTest]
22:28:59.786 [Test worker] DEBUG org.springframework.test.annotation.ProfileValueUtils - Retrieved ProfileValueSource type [class org.springframework.test.annotation.SystemProfileValueSource] for class [com.lombre.book.springboot.domain.posts.PostsRepositoryTest]
22:28:59.798 [Test worker] DEBUG org.springframework.test.context.support.AbstractDirtiesContextTestExecutionListener - Before test class: context [DefaultTestContext@1405a29 testClass = PostsRepositoryTest, testInstance = [null], testMethod = [null], testException = [null], mergedContextConfiguration = [WebMergedContextConfiguration@2021514c testClass = PostsRepositoryTest, locations = '{}', classes = '{class com.lombre.book.springboot.Application}', contextInitializerClasses = '[]', activeProfiles = '{}', propertySourceLocations = '{}', propertySourceProperties = '{org.springframework.boot.test.context.SpringBootTestContextBootstrapper=true}', contextCustomizers = set[org.springframework.boot.test.autoconfigure.properties.PropertyMappingContextCustomizer@0, org.springframework.boot.test.autoconfigure.web.servlet.WebDriverContextCustomizerFactory$Customizer@6c03e433, org.springframework.boot.test.context.filter.ExcludeFilterContextCustomizer@300c419c, org.springframework.boot.test.json.DuplicateJsonObjectContextCustomizerFactory$DuplicateJsonObjectContextCustomizer@1dd8c845, org.springframework.boot.test.mock.mockito.MockitoContextCustomizer@0, org.springframework.boot.test.web.client.TestRestTemplateContextCustomizer@64567c62], resourceBasePath = 'src/main/webapp', contextLoader = 'org.springframework.boot.test.context.SpringBootContextLoader', parent = [null]], attributes = map['org.springframework.test.context.web.ServletTestExecutionListener.activateListener' -> true]], class annotated with @DirtiesContext [false] with mode [null].
22:28:59.800 [Test worker] DEBUG org.springframework.test.annotation.ProfileValueUtils - Retrieved @ProfileValueSourceConfiguration [null] for test class [com.lombre.book.springboot.domain.posts.PostsRepositoryTest]
22:28:59.800 [Test worker] DEBUG org.springframework.test.annotation.ProfileValueUtils - Retrieved ProfileValueSource type [class org.springframework.test.annotation.SystemProfileValueSource] for class [com.lombre.book.springboot.domain.posts.PostsRepositoryTest]
22:28:59.858 [Test worker] DEBUG org.springframework.test.context.support.TestPropertySourceUtils - Adding inlined properties to environment: {spring.jmx.enabled=false, org.springframework.boot.test.context.SpringBootTestContextBootstrapper=true, server.port=-1}

  .   ____          _            __ _ _
 /\\ / ___'_ __ _ _(_)_ __  __ _ \ \ \ \
( ( )\___ | '_ | '_| | '_ \/ _` | \ \ \ \
 \\/  ___)| |_)| | | | | || (_| |  ) ) ) )
  '  |____| .__|_| |_|_| |_\__, | / / / /
 =========|_|==============|___/=/_/_/_/
 :: Spring Boot ::        (v2.1.9.RELEASE)

2020-07-19 22:29:00.833  INFO 14540 --- [    Test worker] c.l.b.s.d.posts.PostsRepositoryTest      : Starting PostsRepositoryTest on DESKTOP-ICNID09 with PID 14540 (started by franc in C:\Users\franc\lombre-workspace\lombre-springboot-webservice)
2020-07-19 22:29:00.837  INFO 14540 --- [    Test worker] c.l.b.s.d.posts.PostsRepositoryTest      : The following profiles are active: oauth
2020-07-19 22:29:03.161  INFO 14540 --- [    Test worker] .s.d.r.c.RepositoryConfigurationDelegate : Bootstrapping Spring Data repositories in DEFAULT mode.
2020-07-19 22:29:03.361  INFO 14540 --- [    Test worker] .s.d.r.c.RepositoryConfigurationDelegate : Finished Spring Data repository scanning in 171ms. Found 2 repository interfaces.
2020-07-19 22:29:04.504  INFO 14540 --- [    Test worker] trationDelegate$BeanPostProcessorChecker : Bean 'org.springframework.transaction.annotation.ProxyTransactionManagementConfiguration' of type [org.springframework.transaction.annotation.ProxyTransactionManagementConfiguration$$EnhancerBySpringCGLIB$$2885b26f] is not eligible for getting processed by all BeanPostProcessors (for example: not eligible for auto-proxying)
2020-07-19 22:29:05.052  INFO 14540 --- [    Test worker] com.zaxxer.hikari.HikariDataSource       : HikariPool-1 - Starting...
2020-07-19 22:29:05.434  INFO 14540 --- [    Test worker] com.zaxxer.hikari.HikariDataSource       : HikariPool-1 - Start completed.
2020-07-19 22:29:05.682  INFO 14540 --- [    Test worker] o.hibernate.jpa.internal.util.LogHelper  : HHH000204: Processing PersistenceUnitInfo [
	name: default
	...]
2020-07-19 22:29:05.897  INFO 14540 --- [    Test worker] org.hibernate.Version                    : HHH000412: Hibernate Core {5.3.12.Final}
2020-07-19 22:29:05.902  INFO 14540 --- [    Test worker] org.hibernate.cfg.Environment            : HHH000206: hibernate.properties not found
2020-07-19 22:29:06.373  INFO 14540 --- [    Test worker] o.hibernate.annotations.common.Version   : HCANN000001: Hibernate Commons Annotations {5.0.4.Final}
2020-07-19 22:29:06.869  INFO 14540 --- [    Test worker] org.hibernate.dialect.Dialect            : HHH000400: Using dialect: org.hibernate.dialect.MySQL5InnoDBDialect
Hibernate: drop table if exists posts
Hibernate: drop table if exists user
Hibernate: create table posts (id bigint not null auto_increment, create_date datetime, modified_date datetime, author varchar(255), content TEXT not null, title varchar(500) not null, primary key (id)) engine=InnoDB
Hibernate: create table user (id bigint not null auto_increment, create_date datetime, modified_date datetime, email varchar(255) not null, name varchar(255) not null, picture varchar(255), role varchar(255) not null, primary key (id)) engine=InnoDB
2020-07-19 22:29:08.554  INFO 14540 --- [    Test worker] o.h.t.schema.internal.SchemaCreatorImpl  : HHH000476: Executing import script 'org.hibernate.tool.schema.internal.exec.ScriptSourceInputNonExistentImpl@4981dfad'
2020-07-19 22:29:08.563  INFO 14540 --- [    Test worker] j.LocalContainerEntityManagerFactoryBean : Initialized JPA EntityManagerFactory for persistence unit 'default'
2020-07-19 22:29:11.308  INFO 14540 --- [    Test worker] o.s.s.web.DefaultSecurityFilterChain     : Creating filter chain: any request, [org.springframework.security.web.context.request.async.WebAsyncManagerIntegrationFilter@19e74c2e, org.springframework.security.web.context.SecurityContextPersistenceFilter@352b4e24, org.springframework.security.web.header.HeaderWriterFilter@3b2c9340, org.springframework.security.web.authentication.logout.LogoutFilter@24d09d7a, org.springframework.security.oauth2.client.web.OAuth2AuthorizationRequestRedirectFilter@2d8a815f, org.springframework.security.oauth2.client.web.OAuth2LoginAuthenticationFilter@611de0c9, org.springframework.security.web.authentication.ui.DefaultLoginPageGeneratingFilter@2f7338ae, org.springframework.security.web.authentication.ui.DefaultLogoutPageGeneratingFilter@5e8ceb31, org.springframework.security.web.savedrequest.RequestCacheAwareFilter@53e41390, org.springframework.security.web.servletapi.SecurityContextHolderAwareRequestFilter@5a0949f0, org.springframework.security.web.authentication.AnonymousAuthenticationFilter@3ddcb27f, org.springframework.security.web.session.SessionManagementFilter@5f7ff217, org.springframework.security.web.access.ExceptionTranslationFilter@9971c5f, org.springframework.security.web.access.intercept.FilterSecurityInterceptor@5b46a197]
2020-07-19 22:29:13.049  INFO 14540 --- [    Test worker] o.s.s.concurrent.ThreadPoolTaskExecutor  : Initializing ExecutorService 'applicationTaskExecutor'
2020-07-19 22:29:13.250  WARN 14540 --- [    Test worker] aWebConfiguration$JpaWebMvcConfiguration : spring.jpa.open-in-view is enabled by default. Therefore, database queries may be performed during view rendering. Explicitly configure spring.jpa.open-in-view to disable this warning
2020-07-19 22:29:13.414  INFO 14540 --- [    Test worker] o.s.b.a.w.s.WelcomePageHandlerMapping    : Adding welcome page template: index
2020-07-19 22:29:15.705  INFO 14540 --- [    Test worker] s.a.ScheduledAnnotationBeanPostProcessor : No TaskScheduler/ScheduledExecutorService bean found for scheduled processing
2020-07-19 22:29:15.807  INFO 14540 --- [    Test worker] c.l.b.s.d.posts.PostsRepositoryTest      : Started PostsRepositoryTest in 15.925 seconds (JVM running for 19.6)
Hibernate: insert into posts (create_date, modified_date, author, content, title) values (?, ?, ?, ?, ?)
2020-07-19 22:29:16.305  INFO 14540 --- [    Test worker] o.h.h.i.QueryTranslatorFactoryInitiator  : HHH000397: Using ASTQueryTranslatorFactory
Hibernate: select posts0_.id as id1_0_, posts0_.create_date as create_d2_0_, posts0_.modified_date as modified3_0_, posts0_.author as author4_0_, posts0_.content as content5_0_, posts0_.title as title6_0_ from posts posts0_
Hibernate: select posts0_.id as id1_0_, posts0_.create_date as create_d2_0_, posts0_.modified_date as modified3_0_, posts0_.author as author4_0_, posts0_.content as content5_0_, posts0_.title as title6_0_ from posts posts0_
Hibernate: delete from posts where id=?
]]></system-out>
  <system-err><![CDATA[]]></system-err>
</testsuite>
