<?xml version="1.0" encoding="UTF-8"?>
<testsuite name="com.lombre.book.springboot.web.PostsApiControllerTest" tests="2" skipped="0" failures="0" errors="0" timestamp="2020-07-15T09:04:33" hostname="DESKTOP-ICNID09" time="0.185">
  <properties/>
  <testcase name="Posts_등록" classname="com.lombre.book.springboot.web.PostsApiControllerTest" time="0.136"/>
  <testcase name="Posts_수정" classname="com.lombre.book.springboot.web.PostsApiControllerTest" time="0.048"/>
  <system-out><![CDATA[2020-07-15 18:04:33.279  INFO 25636 --- [    Test worker] .b.t.c.SpringBootTestContextBootstrapper : Neither @ContextConfiguration nor @ContextHierarchy found for test class [com.lombre.book.springboot.web.PostsApiControllerTest], using SpringBootContextLoader
2020-07-15 18:04:33.281  INFO 25636 --- [    Test worker] o.s.t.c.support.AbstractContextLoader    : Could not detect default resource locations for test class [com.lombre.book.springboot.web.PostsApiControllerTest]: no resource found for suffixes {-context.xml, Context.groovy}.
2020-07-15 18:04:33.281  INFO 25636 --- [    Test worker] t.c.s.AnnotationConfigContextLoaderUtils : Could not detect default configuration classes for test class [com.lombre.book.springboot.web.PostsApiControllerTest]: PostsApiControllerTest does not declare any static, non-private, non-final, nested classes annotated with @Configuration.
2020-07-15 18:04:33.284  INFO 25636 --- [    Test worker] .b.t.c.SpringBootTestContextBootstrapper : Found @SpringBootConfiguration com.lombre.book.springboot.Application for test class com.lombre.book.springboot.web.PostsApiControllerTest
2020-07-15 18:04:33.287  INFO 25636 --- [    Test worker] .b.t.c.SpringBootTestContextBootstrapper : Loaded default TestExecutionListener class names from location [META-INF/spring.factories]: [org.springframework.security.test.context.support.WithSecurityContextTestExecutionListener, org.springframework.security.test.context.support.ReactorContextTestExecutionListener, org.springframework.boot.test.autoconfigure.restdocs.RestDocsTestExecutionListener, org.springframework.boot.test.autoconfigure.web.client.MockRestServiceServerResetTestExecutionListener, org.springframework.boot.test.autoconfigure.web.servlet.MockMvcPrintOnlyOnFailureTestExecutionListener, org.springframework.boot.test.autoconfigure.web.servlet.WebDriverTestExecutionListener, org.springframework.boot.test.mock.mockito.MockitoTestExecutionListener, org.springframework.boot.test.mock.mockito.ResetMocksTestExecutionListener, org.springframework.test.context.web.ServletTestExecutionListener, org.springframework.test.context.support.DirtiesContextBeforeModesTestExecutionListener, org.springframework.test.context.support.DependencyInjectionTestExecutionListener, org.springframework.test.context.support.DirtiesContextTestExecutionListener, org.springframework.test.context.transaction.TransactionalTestExecutionListener, org.springframework.test.context.jdbc.SqlScriptsTestExecutionListener]
2020-07-15 18:04:33.289  INFO 25636 --- [    Test worker] .b.t.c.SpringBootTestContextBootstrapper : Using TestExecutionListeners: [org.springframework.test.context.web.ServletTestExecutionListener@404490a5, org.springframework.test.context.support.DirtiesContextBeforeModesTestExecutionListener@4c3774c9, org.springframework.boot.test.mock.mockito.MockitoTestExecutionListener@280bbc5f, org.springframework.boot.test.autoconfigure.SpringBootDependencyInjectionTestExecutionListener@20d1a5b5, org.springframework.test.context.support.DirtiesContextTestExecutionListener@44f4d8b2, org.springframework.test.context.transaction.TransactionalTestExecutionListener@33926dd9, org.springframework.test.context.jdbc.SqlScriptsTestExecutionListener@468ec6b0, org.springframework.security.test.context.support.WithSecurityContextTestExecutionListener@6bdf2fd9, org.springframework.security.test.context.support.ReactorContextTestExecutionListener@98c5b58, org.springframework.boot.test.autoconfigure.restdocs.RestDocsTestExecutionListener@29d00315, org.springframework.boot.test.autoconfigure.web.client.MockRestServiceServerResetTestExecutionListener@19dbebd9, org.springframework.boot.test.autoconfigure.web.servlet.MockMvcPrintOnlyOnFailureTestExecutionListener@be8aedc, org.springframework.boot.test.autoconfigure.web.servlet.WebDriverTestExecutionListener@60d57262, org.springframework.boot.test.mock.mockito.ResetMocksTestExecutionListener@49340dc6]
2020-07-15 18:04:33.308  INFO 25636 --- [    Test worker] o.a.c.c.C.[Tomcat].[localhost].[/]       : Initializing Spring TestDispatcherServlet ''
2020-07-15 18:04:33.309  INFO 25636 --- [    Test worker] o.s.t.web.servlet.TestDispatcherServlet  : Initializing Servlet ''
2020-07-15 18:04:33.313  INFO 25636 --- [    Test worker] o.s.t.web.servlet.TestDispatcherServlet  : Completed initialization in 4 ms
Hibernate: insert into posts (create_date, modified_date, author, content, title) values (?, ?, ?, ?, ?)
2020-07-15 18:04:33.420  INFO 25636 --- [    Test worker] o.h.h.i.QueryTranslatorFactoryInitiator  : HHH000397: Using ASTQueryTranslatorFactory
Hibernate: select posts0_.id as id1_0_, posts0_.create_date as create_d2_0_, posts0_.modified_date as modified3_0_, posts0_.author as author4_0_, posts0_.content as content5_0_, posts0_.title as title6_0_ from posts posts0_
Hibernate: select posts0_.id as id1_0_, posts0_.create_date as create_d2_0_, posts0_.modified_date as modified3_0_, posts0_.author as author4_0_, posts0_.content as content5_0_, posts0_.title as title6_0_ from posts posts0_
Hibernate: delete from posts where id=?
2020-07-15 18:04:33.437  INFO 25636 --- [    Test worker] o.a.c.c.C.[Tomcat].[localhost].[/]       : Initializing Spring TestDispatcherServlet ''
2020-07-15 18:04:33.437  INFO 25636 --- [    Test worker] o.s.t.web.servlet.TestDispatcherServlet  : Initializing Servlet ''
2020-07-15 18:04:33.441  INFO 25636 --- [    Test worker] o.s.t.web.servlet.TestDispatcherServlet  : Completed initialization in 4 ms
Hibernate: insert into posts (create_date, modified_date, author, content, title) values (?, ?, ?, ?, ?)
Hibernate: select posts0_.id as id1_0_0_, posts0_.create_date as create_d2_0_0_, posts0_.modified_date as modified3_0_0_, posts0_.author as author4_0_0_, posts0_.content as content5_0_0_, posts0_.title as title6_0_0_ from posts posts0_ where posts0_.id=?
Hibernate: update posts set create_date=?, modified_date=?, author=?, content=?, title=? where id=?
Hibernate: select posts0_.id as id1_0_, posts0_.create_date as create_d2_0_, posts0_.modified_date as modified3_0_, posts0_.author as author4_0_, posts0_.content as content5_0_, posts0_.title as title6_0_ from posts posts0_
Hibernate: select posts0_.id as id1_0_, posts0_.create_date as create_d2_0_, posts0_.modified_date as modified3_0_, posts0_.author as author4_0_, posts0_.content as content5_0_, posts0_.title as title6_0_ from posts posts0_
Hibernate: delete from posts where id=?
]]></system-out>
  <system-err><![CDATA[]]></system-err>
</testsuite>
