<?xml version="1.0" encoding="UTF-8"?>
<testsuite name="com.lombre.book.springboot.web.HelloControllerTest" tests="2" skipped="0" failures="0" errors="0" timestamp="2020-07-18T10:01:16" hostname="DESKTOP-ICNID09" time="0.366">
  <properties/>
  <testcase name="hello가_리턴된다" classname="com.lombre.book.springboot.web.HelloControllerTest" time="0.182"/>
  <testcase name="helloDto가_리턴된다" classname="com.lombre.book.springboot.web.HelloControllerTest" time="0.183"/>
  <system-out><![CDATA[2020-07-18 19:01:14.067  INFO 7432 --- [    Test worker] .b.t.a.w.s.WebMvcTestContextBootstrapper : Neither @ContextConfiguration nor @ContextHierarchy found for test class [com.lombre.book.springboot.web.HelloControllerTest], using SpringBootContextLoader
2020-07-18 19:01:14.069  INFO 7432 --- [    Test worker] o.s.t.c.support.AbstractContextLoader    : Could not detect default resource locations for test class [com.lombre.book.springboot.web.HelloControllerTest]: no resource found for suffixes {-context.xml, Context.groovy}.
2020-07-18 19:01:14.070  INFO 7432 --- [    Test worker] t.c.s.AnnotationConfigContextLoaderUtils : Could not detect default configuration classes for test class [com.lombre.book.springboot.web.HelloControllerTest]: HelloControllerTest does not declare any static, non-private, non-final, nested classes annotated with @Configuration.
2020-07-18 19:01:14.144  INFO 7432 --- [    Test worker] .b.t.c.SpringBootTestContextBootstrapper : Found @SpringBootConfiguration com.lombre.book.springboot.Application for test class com.lombre.book.springboot.web.HelloControllerTest
2020-07-18 19:01:14.145  INFO 7432 --- [    Test worker] .b.t.a.w.s.WebMvcTestContextBootstrapper : Loaded default TestExecutionListener class names from location [META-INF/spring.factories]: [org.springframework.security.test.context.support.WithSecurityContextTestExecutionListener, org.springframework.security.test.context.support.ReactorContextTestExecutionListener, org.springframework.boot.test.autoconfigure.restdocs.RestDocsTestExecutionListener, org.springframework.boot.test.autoconfigure.web.client.MockRestServiceServerResetTestExecutionListener, org.springframework.boot.test.autoconfigure.web.servlet.MockMvcPrintOnlyOnFailureTestExecutionListener, org.springframework.boot.test.autoconfigure.web.servlet.WebDriverTestExecutionListener, org.springframework.boot.test.mock.mockito.MockitoTestExecutionListener, org.springframework.boot.test.mock.mockito.ResetMocksTestExecutionListener, org.springframework.test.context.web.ServletTestExecutionListener, org.springframework.test.context.support.DirtiesContextBeforeModesTestExecutionListener, org.springframework.test.context.support.DependencyInjectionTestExecutionListener, org.springframework.test.context.support.DirtiesContextTestExecutionListener, org.springframework.test.context.transaction.TransactionalTestExecutionListener, org.springframework.test.context.jdbc.SqlScriptsTestExecutionListener]
2020-07-18 19:01:14.150  INFO 7432 --- [    Test worker] .b.t.a.w.s.WebMvcTestContextBootstrapper : Using TestExecutionListeners: [org.springframework.test.context.web.ServletTestExecutionListener@206b7ab8, org.springframework.test.context.support.DirtiesContextBeforeModesTestExecutionListener@568eb9e9, org.springframework.boot.test.mock.mockito.MockitoTestExecutionListener@3efd2588, org.springframework.boot.test.autoconfigure.SpringBootDependencyInjectionTestExecutionListener@2e8e8d58, org.springframework.test.context.support.DirtiesContextTestExecutionListener@55cb8c8b, org.springframework.test.context.transaction.TransactionalTestExecutionListener@76a9262a, org.springframework.test.context.jdbc.SqlScriptsTestExecutionListener@212f8c12, org.springframework.security.test.context.support.WithSecurityContextTestExecutionListener@7b913122, org.springframework.security.test.context.support.ReactorContextTestExecutionListener@72b7550f, org.springframework.boot.test.autoconfigure.restdocs.RestDocsTestExecutionListener@4d90b505, org.springframework.boot.test.autoconfigure.web.client.MockRestServiceServerResetTestExecutionListener@1002ffb9, org.springframework.boot.test.autoconfigure.web.servlet.MockMvcPrintOnlyOnFailureTestExecutionListener@6268c4ba, org.springframework.boot.test.autoconfigure.web.servlet.WebDriverTestExecutionListener@2abffad5, org.springframework.boot.test.mock.mockito.ResetMocksTestExecutionListener@62cf4a1a]

  .   ____          _            __ _ _
 /\\ / ___'_ __ _ _(_)_ __  __ _ \ \ \ \
( ( )\___ | '_ | '_| | '_ \/ _` | \ \ \ \
 \\/  ___)| |_)| | | | | || (_| |  ) ) ) )
  '  |____| .__|_| |_|_| |_\__, | / / / /
 =========|_|==============|___/=/_/_/_/
 :: Spring Boot ::        (v2.1.9.RELEASE)

2020-07-18 19:01:14.313  INFO 7432 --- [    Test worker] c.l.b.s.web.HelloControllerTest          : Starting HelloControllerTest on DESKTOP-ICNID09 with PID 7432 (started by franc in C:\Users\franc\lombre-workspace\lombre-springboot-webservice)
2020-07-18 19:01:14.313  INFO 7432 --- [    Test worker] c.l.b.s.web.HelloControllerTest          : The following profiles are active: oauth
2020-07-18 19:01:15.351  INFO 7432 --- [    Test worker] o.s.s.concurrent.ThreadPoolTaskExecutor  : Initializing ExecutorService 'applicationTaskExecutor'
2020-07-18 19:01:15.421  INFO 7432 --- [    Test worker] o.s.b.a.w.s.WelcomePageHandlerMapping    : Adding welcome page template: index
2020-07-18 19:01:15.871  INFO 7432 --- [    Test worker] .s.s.UserDetailsServiceAutoConfiguration : 

Using generated security password: a855c11d-c232-4525-bfa9-44b1d3492d88

2020-07-18 19:01:16.210  INFO 7432 --- [    Test worker] o.s.s.web.DefaultSecurityFilterChain     : Creating filter chain: any request, [org.springframework.security.web.context.request.async.WebAsyncManagerIntegrationFilter@35d02dd4, org.springframework.security.web.context.SecurityContextPersistenceFilter@4a8529ae, org.springframework.security.web.header.HeaderWriterFilter@3571b0f1, org.springframework.security.web.csrf.CsrfFilter@6c3f3491, org.springframework.security.web.authentication.logout.LogoutFilter@7e22851c, org.springframework.security.web.authentication.UsernamePasswordAuthenticationFilter@2c17a2d9, org.springframework.security.web.authentication.ui.DefaultLoginPageGeneratingFilter@53c831e6, org.springframework.security.web.authentication.ui.DefaultLogoutPageGeneratingFilter@79ac37a6, org.springframework.security.web.authentication.www.BasicAuthenticationFilter@45c37d4d, org.springframework.security.web.savedrequest.RequestCacheAwareFilter@37ae9d55, org.springframework.security.web.servletapi.SecurityContextHolderAwareRequestFilter@f604569, org.springframework.security.web.authentication.AnonymousAuthenticationFilter@275b04cb, org.springframework.security.web.session.SessionManagementFilter@207f8172, org.springframework.security.web.access.ExceptionTranslationFilter@3e886bc0, org.springframework.security.web.access.intercept.FilterSecurityInterceptor@7ed39f08]
2020-07-18 19:01:16.301  INFO 7432 --- [    Test worker] o.s.b.t.m.w.SpringBootMockServletContext : Initializing Spring TestDispatcherServlet ''
2020-07-18 19:01:16.302  INFO 7432 --- [    Test worker] o.s.t.web.servlet.TestDispatcherServlet  : Initializing Servlet ''
2020-07-18 19:01:16.337  INFO 7432 --- [    Test worker] o.s.t.web.servlet.TestDispatcherServlet  : Completed initialization in 35 ms
2020-07-18 19:01:16.422  INFO 7432 --- [    Test worker] c.l.b.s.web.HelloControllerTest          : Started HelloControllerTest in 2.266 seconds (JVM running for 22.162)
]]></system-out>
  <system-err><![CDATA[]]></system-err>
</testsuite>
