<?xml version="1.0" encoding="UTF-8"?>
<testsuite name="com.lombre.book.springboot.web.dto.HelloResponseDtoTest" tests="1" skipped="0" failures="0" errors="0" timestamp="2020-07-18T10:01:14" hostname="DESKTOP-ICNID09" time="0.008">
  <properties/>
  <testcase name="롬복_기능_테스트" classname="com.lombre.book.springboot.web.dto.HelloResponseDtoTest" time="0.008"/>
  <system-out><![CDATA[]]></system-out>
  <system-err><![CDATA[]]></system-err>
</testsuite>
