<?xml version="1.0" encoding="UTF-8"?>
<testsuite name="com.lombre.book.springboot.web.ProfileControllerTest" tests="1" skipped="0" failures="0" errors="0" timestamp="2020-07-22T09:01:48" hostname="DESKTOP-ICNID09" time="0.64">
  <properties/>
  <testcase name="profile은_인증없이_호출된다" classname="com.lombre.book.springboot.web.ProfileControllerTest" time="0.64"/>
  <system-out><![CDATA[18:01:34.498 [Test worker] DEBUG org.springframework.test.context.junit4.SpringJUnit4ClassRunner - SpringJUnit4ClassRunner constructor called with [class com.lombre.book.springboot.web.ProfileControllerTest]
18:01:34.529 [Test worker] DEBUG org.springframework.test.context.BootstrapUtils - Instantiating CacheAwareContextLoaderDelegate from class [org.springframework.test.context.cache.DefaultCacheAwareContextLoaderDelegate]
18:01:34.553 [Test worker] DEBUG org.springframework.test.context.BootstrapUtils - Instantiating BootstrapContext using constructor [public org.springframework.test.context.support.DefaultBootstrapContext(java.lang.Class,org.springframework.test.context.CacheAwareContextLoaderDelegate)]
18:01:34.601 [Test worker] DEBUG org.springframework.test.context.BootstrapUtils - Instantiating TestContextBootstrapper for test class [com.lombre.book.springboot.web.ProfileControllerTest] from class [org.springframework.boot.test.context.SpringBootTestContextBootstrapper]
18:01:34.629 [Test worker] INFO org.springframework.boot.test.context.SpringBootTestContextBootstrapper - Neither @ContextConfiguration nor @ContextHierarchy found for test class [com.lombre.book.springboot.web.ProfileControllerTest], using SpringBootContextLoader
18:01:34.634 [Test worker] DEBUG org.springframework.test.context.support.AbstractContextLoader - Did not detect default resource location for test class [com.lombre.book.springboot.web.ProfileControllerTest]: class path resource [com/lombre/book/springboot/web/ProfileControllerTest-context.xml] does not exist
18:01:34.635 [Test worker] DEBUG org.springframework.test.context.support.AbstractContextLoader - Did not detect default resource location for test class [com.lombre.book.springboot.web.ProfileControllerTest]: class path resource [com/lombre/book/springboot/web/ProfileControllerTestContext.groovy] does not exist
18:01:34.636 [Test worker] INFO org.springframework.test.context.support.AbstractContextLoader - Could not detect default resource locations for test class [com.lombre.book.springboot.web.ProfileControllerTest]: no resource found for suffixes {-context.xml, Context.groovy}.
18:01:34.637 [Test worker] INFO org.springframework.test.context.support.AnnotationConfigContextLoaderUtils - Could not detect default configuration classes for test class [com.lombre.book.springboot.web.ProfileControllerTest]: ProfileControllerTest does not declare any static, non-private, non-final, nested classes annotated with @Configuration.
18:01:34.722 [Test worker] DEBUG org.springframework.test.context.support.ActiveProfilesUtils - Could not find an 'annotation declaring class' for annotation type [org.springframework.test.context.ActiveProfiles] and class [com.lombre.book.springboot.web.ProfileControllerTest]
18:01:34.933 [Test worker] DEBUG org.springframework.context.annotation.ClassPathScanningCandidateComponentProvider - Identified candidate component class: file [C:\Users\franc\lombre-workspace\lombre-springboot-webservice\build\classes\java\main\com\lombre\book\springboot\Application.class]
18:01:34.936 [Test worker] INFO org.springframework.boot.test.context.SpringBootTestContextBootstrapper - Found @SpringBootConfiguration com.lombre.book.springboot.Application for test class com.lombre.book.springboot.web.ProfileControllerTest
18:01:35.156 [Test worker] DEBUG org.springframework.boot.test.context.SpringBootTestContextBootstrapper - @TestExecutionListeners is not present for class [com.lombre.book.springboot.web.ProfileControllerTest]: using defaults.
18:01:35.159 [Test worker] INFO org.springframework.boot.test.context.SpringBootTestContextBootstrapper - Loaded default TestExecutionListener class names from location [META-INF/spring.factories]: [org.springframework.security.test.context.support.WithSecurityContextTestExecutionListener, org.springframework.security.test.context.support.ReactorContextTestExecutionListener, org.springframework.boot.test.autoconfigure.restdocs.RestDocsTestExecutionListener, org.springframework.boot.test.autoconfigure.web.client.MockRestServiceServerResetTestExecutionListener, org.springframework.boot.test.autoconfigure.web.servlet.MockMvcPrintOnlyOnFailureTestExecutionListener, org.springframework.boot.test.autoconfigure.web.servlet.WebDriverTestExecutionListener, org.springframework.boot.test.mock.mockito.MockitoTestExecutionListener, org.springframework.boot.test.mock.mockito.ResetMocksTestExecutionListener, org.springframework.test.context.web.ServletTestExecutionListener, org.springframework.test.context.support.DirtiesContextBeforeModesTestExecutionListener, org.springframework.test.context.support.DependencyInjectionTestExecutionListener, org.springframework.test.context.support.DirtiesContextTestExecutionListener, org.springframework.test.context.transaction.TransactionalTestExecutionListener, org.springframework.test.context.jdbc.SqlScriptsTestExecutionListener]
18:01:35.211 [Test worker] INFO org.springframework.boot.test.context.SpringBootTestContextBootstrapper - Using TestExecutionListeners: [org.springframework.test.context.web.ServletTestExecutionListener@15b71ef, org.springframework.test.context.support.DirtiesContextBeforeModesTestExecutionListener@268818f3, org.springframework.boot.test.mock.mockito.MockitoTestExecutionListener@54a997b, org.springframework.boot.test.autoconfigure.SpringBootDependencyInjectionTestExecutionListener@75e829ab, org.springframework.test.context.support.DirtiesContextTestExecutionListener@2fe6faf0, org.springframework.test.context.transaction.TransactionalTestExecutionListener@494f207f, org.springframework.test.context.jdbc.SqlScriptsTestExecutionListener@181fe96c, org.springframework.security.test.context.support.WithSecurityContextTestExecutionListener@2c8e2eb5, org.springframework.security.test.context.support.ReactorContextTestExecutionListener@342770ae, org.springframework.boot.test.autoconfigure.restdocs.RestDocsTestExecutionListener@45be28d, org.springframework.boot.test.autoconfigure.web.client.MockRestServiceServerResetTestExecutionListener@63683fe3, org.springframework.boot.test.autoconfigure.web.servlet.MockMvcPrintOnlyOnFailureTestExecutionListener@3e4e4ebd, org.springframework.boot.test.autoconfigure.web.servlet.WebDriverTestExecutionListener@31e3fbda, org.springframework.boot.test.mock.mockito.ResetMocksTestExecutionListener@6a7728e1]
18:01:35.216 [Test worker] DEBUG org.springframework.test.annotation.ProfileValueUtils - Retrieved @ProfileValueSourceConfiguration [null] for test class [com.lombre.book.springboot.web.ProfileControllerTest]
18:01:35.216 [Test worker] DEBUG org.springframework.test.annotation.ProfileValueUtils - Retrieved ProfileValueSource type [class org.springframework.test.annotation.SystemProfileValueSource] for class [com.lombre.book.springboot.web.ProfileControllerTest]
18:01:35.221 [Test worker] DEBUG org.springframework.test.annotation.ProfileValueUtils - Retrieved @ProfileValueSourceConfiguration [null] for test class [com.lombre.book.springboot.web.ProfileControllerTest]
18:01:35.221 [Test worker] DEBUG org.springframework.test.annotation.ProfileValueUtils - Retrieved ProfileValueSource type [class org.springframework.test.annotation.SystemProfileValueSource] for class [com.lombre.book.springboot.web.ProfileControllerTest]
18:01:35.222 [Test worker] DEBUG org.springframework.test.annotation.ProfileValueUtils - Retrieved @ProfileValueSourceConfiguration [null] for test class [com.lombre.book.springboot.web.ProfileControllerTest]
18:01:35.223 [Test worker] DEBUG org.springframework.test.annotation.ProfileValueUtils - Retrieved ProfileValueSource type [class org.springframework.test.annotation.SystemProfileValueSource] for class [com.lombre.book.springboot.web.ProfileControllerTest]
18:01:35.232 [Test worker] DEBUG org.springframework.test.context.support.AbstractDirtiesContextTestExecutionListener - Before test class: context [DefaultTestContext@73c25982 testClass = ProfileControllerTest, testInstance = [null], testMethod = [null], testException = [null], mergedContextConfiguration = [WebMergedContextConfiguration@932513 testClass = ProfileControllerTest, locations = '{}', classes = '{class com.lombre.book.springboot.Application}', contextInitializerClasses = '[]', activeProfiles = '{}', propertySourceLocations = '{}', propertySourceProperties = '{org.springframework.boot.test.context.SpringBootTestContextBootstrapper=true, server.port=0}', contextCustomizers = set[org.springframework.boot.test.autoconfigure.properties.PropertyMappingContextCustomizer@0, org.springframework.boot.test.autoconfigure.web.servlet.WebDriverContextCustomizerFactory$Customizer@6fc25b45, org.springframework.boot.test.context.filter.ExcludeFilterContextCustomizer@3a25790f, org.springframework.boot.test.json.DuplicateJsonObjectContextCustomizerFactory$DuplicateJsonObjectContextCustomizer@43498af4, org.springframework.boot.test.mock.mockito.MockitoContextCustomizer@0, org.springframework.boot.test.web.client.TestRestTemplateContextCustomizer@6300ee44], resourceBasePath = 'src/main/webapp', contextLoader = 'org.springframework.boot.test.context.SpringBootContextLoader', parent = [null]], attributes = map['org.springframework.test.context.web.ServletTestExecutionListener.activateListener' -> false]], class annotated with @DirtiesContext [false] with mode [null].
18:01:35.233 [Test worker] DEBUG org.springframework.test.annotation.ProfileValueUtils - Retrieved @ProfileValueSourceConfiguration [null] for test class [com.lombre.book.springboot.web.ProfileControllerTest]
18:01:35.233 [Test worker] DEBUG org.springframework.test.annotation.ProfileValueUtils - Retrieved ProfileValueSource type [class org.springframework.test.annotation.SystemProfileValueSource] for class [com.lombre.book.springboot.web.ProfileControllerTest]
18:01:35.240 [Test worker] DEBUG org.springframework.test.context.support.DependencyInjectionTestExecutionListener - Performing dependency injection for test context [[DefaultTestContext@73c25982 testClass = ProfileControllerTest, testInstance = com.lombre.book.springboot.web.ProfileControllerTest@254e5300, testMethod = [null], testException = [null], mergedContextConfiguration = [WebMergedContextConfiguration@932513 testClass = ProfileControllerTest, locations = '{}', classes = '{class com.lombre.book.springboot.Application}', contextInitializerClasses = '[]', activeProfiles = '{}', propertySourceLocations = '{}', propertySourceProperties = '{org.springframework.boot.test.context.SpringBootTestContextBootstrapper=true, server.port=0}', contextCustomizers = set[org.springframework.boot.test.autoconfigure.properties.PropertyMappingContextCustomizer@0, org.springframework.boot.test.autoconfigure.web.servlet.WebDriverContextCustomizerFactory$Customizer@6fc25b45, org.springframework.boot.test.context.filter.ExcludeFilterContextCustomizer@3a25790f, org.springframework.boot.test.json.DuplicateJsonObjectContextCustomizerFactory$DuplicateJsonObjectContextCustomizer@43498af4, org.springframework.boot.test.mock.mockito.MockitoContextCustomizer@0, org.springframework.boot.test.web.client.TestRestTemplateContextCustomizer@6300ee44], resourceBasePath = 'src/main/webapp', contextLoader = 'org.springframework.boot.test.context.SpringBootContextLoader', parent = [null]], attributes = map['org.springframework.test.context.web.ServletTestExecutionListener.activateListener' -> false]]].
18:01:35.274 [Test worker] DEBUG org.springframework.test.context.support.TestPropertySourceUtils - Adding inlined properties to environment: {spring.jmx.enabled=false, org.springframework.boot.test.context.SpringBootTestContextBootstrapper=true, server.port=0}

  .   ____          _            __ _ _
 /\\ / ___'_ __ _ _(_)_ __  __ _ \ \ \ \
( ( )\___ | '_ | '_| | '_ \/ _` | \ \ \ \
 \\/  ___)| |_)| | | | | || (_| |  ) ) ) )
  '  |____| .__|_| |_|_| |_\__, | / / / /
 =========|_|==============|___/=/_/_/_/
 :: Spring Boot ::        (v2.1.9.RELEASE)

2020-07-22 18:01:35.916  INFO 8612 --- [    Test worker] c.l.b.s.web.ProfileControllerTest        : Starting ProfileControllerTest on DESKTOP-ICNID09 with PID 8612 (started by franc in C:\Users\franc\lombre-workspace\lombre-springboot-webservice)
2020-07-22 18:01:35.919  INFO 8612 --- [    Test worker] c.l.b.s.web.ProfileControllerTest        : The following profiles are active: oauth
2020-07-22 18:01:37.794  INFO 8612 --- [    Test worker] .s.d.r.c.RepositoryConfigurationDelegate : Bootstrapping Spring Data repositories in DEFAULT mode.
2020-07-22 18:01:38.027  INFO 8612 --- [    Test worker] .s.d.r.c.RepositoryConfigurationDelegate : Finished Spring Data repository scanning in 206ms. Found 2 repository interfaces.
2020-07-22 18:01:38.966  INFO 8612 --- [    Test worker] trationDelegate$BeanPostProcessorChecker : Bean 'org.springframework.transaction.annotation.ProxyTransactionManagementConfiguration' of type [org.springframework.transaction.annotation.ProxyTransactionManagementConfiguration$$EnhancerBySpringCGLIB$$e6650ac1] is not eligible for getting processed by all BeanPostProcessors (for example: not eligible for auto-proxying)
2020-07-22 18:01:39.744  INFO 8612 --- [    Test worker] o.s.b.w.embedded.tomcat.TomcatWebServer  : Tomcat initialized with port(s): 0 (http)
2020-07-22 18:01:39.799  INFO 8612 --- [    Test worker] o.apache.catalina.core.StandardService   : Starting service [Tomcat]
2020-07-22 18:01:39.800  INFO 8612 --- [    Test worker] org.apache.catalina.core.StandardEngine  : Starting Servlet engine: [Apache Tomcat/9.0.26]
2020-07-22 18:01:40.102  INFO 8612 --- [    Test worker] o.a.c.c.C.[Tomcat].[localhost].[/]       : Initializing Spring embedded WebApplicationContext
2020-07-22 18:01:40.102  INFO 8612 --- [    Test worker] o.s.web.context.ContextLoader            : Root WebApplicationContext: initialization completed in 4133 ms
2020-07-22 18:01:40.681  INFO 8612 --- [    Test worker] com.zaxxer.hikari.HikariDataSource       : HikariPool-1 - Starting...
2020-07-22 18:01:41.044  INFO 8612 --- [    Test worker] com.zaxxer.hikari.HikariDataSource       : HikariPool-1 - Start completed.
2020-07-22 18:01:41.309  INFO 8612 --- [    Test worker] o.hibernate.jpa.internal.util.LogHelper  : HHH000204: Processing PersistenceUnitInfo [
	name: default
	...]
2020-07-22 18:01:41.488  INFO 8612 --- [    Test worker] org.hibernate.Version                    : HHH000412: Hibernate Core {5.3.12.Final}
2020-07-22 18:01:41.493  INFO 8612 --- [    Test worker] org.hibernate.cfg.Environment            : HHH000206: hibernate.properties not found
2020-07-22 18:01:41.921  INFO 8612 --- [    Test worker] o.hibernate.annotations.common.Version   : HCANN000001: Hibernate Commons Annotations {5.0.4.Final}
2020-07-22 18:01:42.432  INFO 8612 --- [    Test worker] org.hibernate.dialect.Dialect            : HHH000400: Using dialect: org.hibernate.dialect.MySQL5InnoDBDialect
Hibernate: drop table if exists posts
Hibernate: drop table if exists user
Hibernate: create table posts (id bigint not null auto_increment, create_date datetime, modified_date datetime, author varchar(255), content TEXT not null, title varchar(500) not null, primary key (id)) engine=InnoDB
Hibernate: create table user (id bigint not null auto_increment, create_date datetime, modified_date datetime, email varchar(255) not null, name varchar(255) not null, picture varchar(255), role varchar(255) not null, primary key (id)) engine=InnoDB
2020-07-22 18:01:43.987  INFO 8612 --- [    Test worker] o.h.t.schema.internal.SchemaCreatorImpl  : HHH000476: Executing import script 'org.hibernate.tool.schema.internal.exec.ScriptSourceInputNonExistentImpl@1a3ddeca'
2020-07-22 18:01:43.993  INFO 8612 --- [    Test worker] j.LocalContainerEntityManagerFactoryBean : Initialized JPA EntityManagerFactory for persistence unit 'default'
2020-07-22 18:01:46.699  INFO 8612 --- [    Test worker] o.s.s.web.DefaultSecurityFilterChain     : Creating filter chain: any request, [org.springframework.security.web.context.request.async.WebAsyncManagerIntegrationFilter@a019461, org.springframework.security.web.context.SecurityContextPersistenceFilter@7cff320f, org.springframework.security.web.header.HeaderWriterFilter@12eaa641, org.springframework.security.web.authentication.logout.LogoutFilter@2dcd8e47, org.springframework.security.oauth2.client.web.OAuth2AuthorizationRequestRedirectFilter@666f8cba, org.springframework.security.oauth2.client.web.OAuth2LoginAuthenticationFilter@4ac1058d, org.springframework.security.web.authentication.ui.DefaultLoginPageGeneratingFilter@183754e8, org.springframework.security.web.authentication.ui.DefaultLogoutPageGeneratingFilter@210f631, org.springframework.security.web.savedrequest.RequestCacheAwareFilter@bc08054, org.springframework.security.web.servletapi.SecurityContextHolderAwareRequestFilter@480570e2, org.springframework.security.web.authentication.AnonymousAuthenticationFilter@190c3893, org.springframework.security.web.session.SessionManagementFilter@16fbe24f, org.springframework.security.web.access.ExceptionTranslationFilter@11bb89bb, org.springframework.security.web.access.intercept.FilterSecurityInterceptor@2179e5c1]
2020-07-22 18:01:47.594  INFO 8612 --- [    Test worker] o.s.s.concurrent.ThreadPoolTaskExecutor  : Initializing ExecutorService 'applicationTaskExecutor'
2020-07-22 18:01:47.710  WARN 8612 --- [    Test worker] aWebConfiguration$JpaWebMvcConfiguration : spring.jpa.open-in-view is enabled by default. Therefore, database queries may be performed during view rendering. Explicitly configure spring.jpa.open-in-view to disable this warning
2020-07-22 18:01:47.830  INFO 8612 --- [    Test worker] o.s.b.a.w.s.WelcomePageHandlerMapping    : Adding welcome page template: index
2020-07-22 18:01:48.678  INFO 8612 --- [    Test worker] s.a.ScheduledAnnotationBeanPostProcessor : No TaskScheduler/ScheduledExecutorService bean found for scheduled processing
2020-07-22 18:01:48.751  INFO 8612 --- [    Test worker] o.s.b.w.embedded.tomcat.TomcatWebServer  : Tomcat started on port(s): 6997 (http) with context path ''
2020-07-22 18:01:48.756  INFO 8612 --- [    Test worker] c.l.b.s.web.ProfileControllerTest        : Started ProfileControllerTest in 13.477 seconds (JVM running for 16.693)
2020-07-22 18:01:49.082  INFO 8612 --- [o-auto-1-exec-1] o.a.c.c.C.[Tomcat].[localhost].[/]       : Initializing Spring DispatcherServlet 'dispatcherServlet'
2020-07-22 18:01:49.082  INFO 8612 --- [o-auto-1-exec-1] o.s.web.servlet.DispatcherServlet        : Initializing Servlet 'dispatcherServlet'
2020-07-22 18:01:49.131  INFO 8612 --- [o-auto-1-exec-1] o.s.web.servlet.DispatcherServlet        : Completed initialization in 48 ms
]]></system-out>
  <system-err><![CDATA[]]></system-err>
</testsuite>
